Arguments: 
  /Users/ian/.nvm/versions/node/v17.3.0/bin/node /opt/homebrew/Cellar/yarn/1.22.18/libexec/bin/yarn.js add geopandas

PATH: 
  /Users/ian/.nvm/versions/node/v17.3.0/bin:/Users/ian/Library/pnpm:/Users/ian/opt/anaconda3/envs/lmec/bin:/Users/ian/opt/anaconda3/condabin:/usr/local/bin:/usr/bin:/bin:/usr/sbin:/sbin:/opt/homebrew/bin:/Library/TeX/texbin:/Users/ian/Documents/GitHub/atlascope-assets/modern-workflow

Yarn version: 
  1.22.18

Node version: 
  17.3.0

Platform: 
  darwin arm64

Trace: 
  Error: https://registry.yarnpkg.com/geopandas: Not found
      at Request.params.callback [as _callback] (/opt/homebrew/Cellar/yarn/1.22.18/libexec/lib/cli.js:66138:18)
      at Request.self.callback (/opt/homebrew/Cellar/yarn/1.22.18/libexec/lib/cli.js:140883:22)
      at Request.emit (node:events:390:28)
      at Request.<anonymous> (/opt/homebrew/Cellar/yarn/1.22.18/libexec/lib/cli.js:141855:10)
      at Request.emit (node:events:390:28)
      at IncomingMessage.<anonymous> (/opt/homebrew/Cellar/yarn/1.22.18/libexec/lib/cli.js:141777:12)
      at Object.onceWrapper (node:events:509:28)
      at IncomingMessage.emit (node:events:402:35)
      at endReadableNT (node:internal/streams/readable:1343:12)
      at processTicksAndRejections (node:internal/process/task_queues:83:21)

npm manifest: 
  {
    "name": "modern-workflow",
    "version": "1.0.0",
    "description": "This script consumes Allmaps georeference annotations and transforms them into XYZ tilesets",
    "main": "atlascopify.py",
    "license": "MIT",
    "dependencies": {
      "argparse": "^2.0.1",
      "json": "^11.0.0",
      "numpy": "^0.0.1",
      "os": "^0.1.2",
      "pandas": "^0.0.3",
      "requests": "^0.3.0",
      "subprocess": "^0.3.0"
    }
  }

yarn manifest: 
  No manifest

Lockfile: 
  # THIS IS AN AUTOGENERATED FILE. DO NOT EDIT THIS FILE DIRECTLY.
  # yarn lockfile v1
  
  
  argparse@^2.0.1:
    version "2.0.1"
    resolved "https://registry.yarnpkg.com/argparse/-/argparse-2.0.1.tgz#246f50f3ca78a3240f6c997e8a9bd1eac49e4b38"
    integrity sha512-8+9WqebbFzpX9OR+Wa6O29asIogeRMzcGtAINdpMHHyAg10f05aSFVBbcEqGf/PXw1EjAZ+q2/bEBg3DvurK3Q==
  
  async@1.5.2:
    version "1.5.2"
    resolved "https://registry.yarnpkg.com/async/-/async-1.5.2.tgz#ec6a61ae56480c0c3cb241c95618e20892f9672a"
    integrity sha512-nSVgobk4rv61R9PUSDtYt7mPVB2olxNR5RWJcAsH676/ef11bUZwvu7+RGYrYauVdDPcO519v68wRhXQtxsV9w==
  
  async@^0.9.0:
    version "0.9.2"
    resolved "https://registry.yarnpkg.com/async/-/async-0.9.2.tgz#aea74d5e61c1f899613bf64bda66d4c78f2fd17d"
    integrity sha512-l6ToIJIotphWahxxHyzK9bnLR6kM4jJIIgLShZeqLY7iboHoGkdgFl7W2/Ivi4SkMJYGKqW8vSuk0uKUj6qsSw==
  
  axo@0.0.x:
    version "0.0.2"
    resolved "https://registry.yarnpkg.com/axo/-/axo-0.0.2.tgz#49355fbbeab38449bca696a1aacc469a5ee9fd47"
    integrity sha512-8CC4Mb+OhK97UEng0PgiqUDNZjzVcWDsV+G2vLYCQn1jEL7y6VqiRVlZlRu+aA/ckSznmNzW6X1I6nj2As/haQ==
  
  eventemitter3@~4.0.0:
    version "4.0.7"
    resolved "https://registry.yarnpkg.com/eventemitter3/-/eventemitter3-4.0.7.tgz#2de9b68f6528d5644ef5c59526a1b4a07306169f"
    integrity sha512-8guHBZCwKnFhYdHr2ysuRWErTwhoN2X8XELRlrRwpmfeY2jjuUN4taQMsULKUVo1K4DvZl+0pgfyoysHxvmvEw==
  
  extendible@0.1.x:
    version "0.1.1"
    resolved "https://registry.yarnpkg.com/extendible/-/extendible-0.1.1.tgz#e2a37ed87129fb4f9533e8a8d7506230a539c905"
    integrity sha512-AglckQA0TJV8/ZmhQcNmaaFcFFPXFIoZbfuoQOlGDK7Jh/roWotYzJ7ik1FBBCHBr8n7CgTR8lXXPAN8Rfb7rw==
  
  failure@1.1.x:
    version "1.1.1"
    resolved "https://registry.yarnpkg.com/failure/-/failure-1.1.1.tgz#a8e83d3b1602d2468bff6ad4d9071e0103b81a87"
    integrity sha512-lzrrk0NUfjVeU3jLmfU01zP5bfg4XVFxHREYGvgJowaCqHLSQtqIGENH/CU+oSs6yfYObdSM7b9UY/3p2VJOSg==
  
  hang@1.0.x:
    version "1.0.0"
    resolved "https://registry.yarnpkg.com/hang/-/hang-1.0.0.tgz#67050879844435e02ae0409c4f4553c6438e1d71"
    integrity sha512-vtBz98Bt/Tbm03cZO5Ymc7ZL8ead/jIx9T5Wg/xuz+9BXPAJNJSdGQW63LoaesogUQKTpHyal339hxTaTf/APg==
  
  json@^11.0.0:
    version "11.0.0"
    resolved "https://registry.yarnpkg.com/json/-/json-11.0.0.tgz#2e84493134e2f42c131165aa22a124df38b3a3ee"
    integrity sha512-N/ITv3Yw9Za8cGxuQqSqrq6RHnlaHWZkAFavcfpH/R52522c26EbihMxnY7A1chxfXJ4d+cEFIsyTgfi9GihrA==
  
  loads@0.0.x:
    version "0.0.4"
    resolved "https://registry.yarnpkg.com/loads/-/loads-0.0.4.tgz#97f3016397e70ddff480b81ec638ceea22a0a99c"
    integrity sha512-XjPzzYIHkuMNqYyvh6AECQAHi682nyKO9TMdMYnaz7QbPDI/KIeSIjRhAlXIbRMPYAgtLUYgPlD3mtKZ4Q8SYA==
    dependencies:
      failure "1.1.x"
      one-time "0.0.x"
      xhr-response "1.0.x"
      xhr-status "1.0.x"
  
  lodash@^3.0.1:
    version "3.10.1"
    resolved "https://registry.yarnpkg.com/lodash/-/lodash-3.10.1.tgz#5bf45e8e49ba4189e17d482789dfd15bd140b7b6"
    integrity sha512-9mDDwqVIma6OZX79ZlDACZl8sBm0TEnkf99zV3iMA4GzkIT/9hiqP5mY0HoT1iNLCrKc/R1HByV+yJfRWVJryQ==
  
  minimist@^1.2.6:
    version "1.2.8"
    resolved "https://registry.yarnpkg.com/minimist/-/minimist-1.2.8.tgz#c1a464e7693302e082a075cee0c057741ac4772c"
    integrity sha512-2yyAR8qBkN3YuheJanUpWC5U3bb5osDywNB8RzDVlDwDHbocAJveqqj1u8+SVD7jkWT4yvsHCpWqqWqAxb0zCA==
  
  mkdirp@^0.5.0:
    version "0.5.6"
    resolved "https://registry.yarnpkg.com/mkdirp/-/mkdirp-0.5.6.tgz#7def03d2432dcae4ba1d611445c48396062255f6"
    integrity sha512-FP+p8RB8OWpF3YZBCrP5gtADmtXApB5AMLn+vdyA+PyxCjrCs00mjyUozssO33cwDeT3wNGdLxJ5M//YqtHAJw==
    dependencies:
      minimist "^1.2.6"
  
  node-http-xhr@~1.3.0:
    version "1.3.4"
    resolved "https://registry.yarnpkg.com/node-http-xhr/-/node-http-xhr-1.3.4.tgz#0dbf827c2858f40c57a79375fc4be07c8ff46f55"
    integrity sha512-0bA08/2RKWxw6pMkOVd3KP+0F5+ifQLMMTDxrCgxlgkoU1N8DhCbCSAYEqpgaVYM2smvbVVewiXjW+8AyoLfxQ==
  
  numpy@^0.0.1:
    version "0.0.1"
    resolved "https://registry.yarnpkg.com/numpy/-/numpy-0.0.1.tgz#c6bbd4c49b45bd537f768a09c9220a290de41598"
    integrity sha512-HPoSFyRtH4dRUGjI6bzeVKgfOeNtIAWLvVWMqbaNGmWKE+npdnZ6L78TEJELgZBb+9XpL6r16vOz1jaQ7YVI7Q==
  
  one-time@0.0.x:
    version "0.0.4"
    resolved "https://registry.yarnpkg.com/one-time/-/one-time-0.0.4.tgz#f8cdf77884826fe4dff93e3a9cc37b1e4480742e"
    integrity sha512-qAMrwuk2xLEutlASoiPiAMW3EN3K96Ka/ilSXYr6qR1zSVXw2j7+yDSqGTC4T9apfLYxM3tLLjKvgPdAUK7kYQ==
  
  os@^0.1.2:
    version "0.1.2"
    resolved "https://registry.yarnpkg.com/os/-/os-0.1.2.tgz#f29a50c62908516ba42652de42f7038600cadbc2"
    integrity sha512-ZoXJkvAnljwvc56MbvhtKVWmSkzV712k42Is2mA0+0KTSRakq5XXuXpjZjgAt9ctzl51ojhQWakQQpmOvXWfjQ==
  
  pandas@^0.0.3:
    version "0.0.3"
    resolved "https://registry.yarnpkg.com/pandas/-/pandas-0.0.3.tgz#2a11b02074f0ffcc0729c73235572e5adbb0f1f7"
    integrity sha512-b6b0XOuj8mvj2Kn6qfcvPmb0ILCcbuep5VYZche3730P9cXQcvarbbvWJxwXkxc3OXyGFYjJ4kozjX5ZXXMrsw==
  
  portscanner@^1.0.0:
    version "1.2.0"
    resolved "https://registry.yarnpkg.com/portscanner/-/portscanner-1.2.0.tgz#b14bbda257d14c310fa9cc09682af02d40961802"
    integrity sha512-3MCx40XO6ChNJJHw1tTFukQK/M/8FacGZK/vGbnrKpozObrJzembYtfi7ZdA2hkF2Lojg77XhsKUPvF8eHKcDA==
    dependencies:
      async "1.5.2"
  
  requests@^0.3.0:
    version "0.3.0"
    resolved "https://registry.yarnpkg.com/requests/-/requests-0.3.0.tgz#484913c1648beac3092a2324d8bc296a4bd76c5d"
    integrity sha512-1B6nkiHjC1O1cSgFhEwkc+xd8vuj04h7xSmCg5yI8nmhCIKbPkX47od8erQ2pokBt5qxUO7dwP4jplXD6k6ISA==
    dependencies:
      axo "0.0.x"
      eventemitter3 "~4.0.0"
      extendible "0.1.x"
      hang "1.0.x"
      loads "0.0.x"
      node-http-xhr "~1.3.0"
      xhr-send "1.0.x"
  
  subprocess@^0.3.0:
    version "0.3.0"
    resolved "https://registry.yarnpkg.com/subprocess/-/subprocess-0.3.0.tgz#8ec05a93c2d36febf97d7ba8cccdcf51bfea5082"
    integrity sha512-0uid0MxYaHJ6QijMRBtYXw+R7OhYiLoBqIkPgHJlt5C5usOvh417u4sva2qfHdb3eyvAF1aITEuTVXDdpJ156Q==
    dependencies:
      async "^0.9.0"
      lodash "^3.0.1"
      mkdirp "^0.5.0"
      portscanner "^1.0.0"
  
  xhr-response@1.0.x:
    version "1.0.1"
    resolved "https://registry.yarnpkg.com/xhr-response/-/xhr-response-1.0.1.tgz#affe3a08544ba72186e4dc52cd0226671d8673fe"
    integrity sha512-m2FlVRCl3VqDcpc8UaWZJpwuHpFR2vYeXv6ipXU2Uuu4vNKFYVEFI0emuJN370Fge+JCbiAnS+JJmSoWVmWrjQ==
  
  xhr-send@1.0.x:
    version "1.0.0"
    resolved "https://registry.yarnpkg.com/xhr-send/-/xhr-send-1.0.0.tgz#1a40c73e5db2028ee08fe90f5c3d6dc7f796a854"
    integrity sha512-789EG4qW6Z0nPvG74AV3WWQCnBG5HxJXNiBsnEivZ8OpbvVA0amH0+g+MNT99o5kt/XLdRezm5KS1wJzcGJztw==
  
  xhr-status@1.0.x:
    version "1.0.1"
    resolved "https://registry.yarnpkg.com/xhr-status/-/xhr-status-1.0.1.tgz#ad2c631886ccd98a92834ad0fe695b4cef8bac5c"
    integrity sha512-VF0WSqtmkf56OmF26LCWsWvRb1a+WYGdHDoQnPPCVUQTM8CVUAOBcUDsm7nP7SQcgEEdrvF4DmhEADuXdGieyw==
